<?xml version="1.0" encoding="UTF-8" ?>
<testsuite errors="0" failures="1" hostname="PRANEETH-PC" name="CompaniesTest" skipped="0" tests="1" time="11.292" timestamp="2015-08-21T15:09:03">
  <properties>
    <property name="ant.project.invoked-targets" value="main" />
    <property name="java.runtime.name" value="Java(TM) SE Runtime Environment" />
    <property name="sun.boot.library.path" value="C:\Program Files\Java\jdk1.7.0_40\jre\bin" />
    <property name="java.vm.version" value="24.0-b56" />
    <property name="ant.library.dir" value="C:\apache-ant-1.9.4\lib" />
    <property name="ant.version" value="Apache Ant(TM) version 1.9.4 compiled on April 29 2014" />
    <property name="ant.java.version" value="1.7" />
    <property name="java.vm.vendor" value="Oracle Corporation" />
    <property name="java.vendor.url" value="http://java.oracle.com/" />
    <property name="path.separator" value=";" />
    <property name="java.vm.name" value="Java HotSpot(TM) 64-Bit Server VM" />
    <property name="file.encoding.pkg" value="sun.io" />
    <property name="user.script" value="" />
    <property name="user.country" value="US" />
    <property name="sun.java.launcher" value="SUN_STANDARD" />
    <property name="sun.os.patch.level" value="" />
    <property name="java.vm.specification.name" value="Java Virtual Machine Specification" />
    <property name="user.dir" value="E:\praneeth\Pra\praneeth\TPOProject\TPO_Struts_Hb\src" />
    <property name="java.runtime.version" value="1.7.0_40-b43" />
    <property name="java.awt.graphicsenv" value="sun.awt.Win32GraphicsEnvironment" />
    <property name="basedir" value="E:\praneeth\Pra\praneeth\TPOProject\TPO_Struts_Hb\src" />
    <property name="java.endorsed.dirs" value="C:\Program Files\Java\jdk1.7.0_40\jre\lib\endorsed" />
    <property name="os.arch" value="amd64" />
    <property name="ant.file.type.JUNIT" value="file" />
    <property name="ant.project.default-target" value="main" />
    <property name="java.io.tmpdir" value="C:\Users\PRANEETH\AppData\Local\Temp\" />
    <property name="ant.core.lib" value="C:\apache-ant-1.9.4\lib\ant.jar" />
    <property name="line.separator" value="&#xd;&#xa;" />
    <property name="java.vm.specification.vendor" value="Oracle Corporation" />
    <property name="user.variant" value="" />
    <property name="os.name" value="Windows 7" />
    <property name="ant.home" value="C:\apache-ant-1.9.4" />
    <property name="ant.project.name" value="JUNIT" />
    <property name="sun.jnu.encoding" value="Cp1252" />
    <property name="java.library.path" value="C:\Program Files\Java\jdk1.7.0_40\bin;C:\Windows\Sun\Java\bin;C:\Windows\system32;C:\Windows;C:\ProgramData\Oracle\Java\javapath;C:\Program Files\CollabNet\Subversion Client;C:\Program Files (x86)\Intel\iCLS Client\;C:\Program Files\Intel\iCLS Client\;C:\oraclexe\app\oracle\product\10.2.0\server\bin;C:\Program Files\Dell\DW WLAN Card;;C:\Windows\system32;C:\Windows;C:\Windows\System32\Wbem;C:\Windows\System32\WindowsPowerShell\v1.0\;C:\Program Files\WIDCOMM\Bluetooth Software\;C:\Program Files\WIDCOMM\Bluetooth Software\syswow64;C:\Program Files\Intel\Intel(R) Management Engine Components\DAL;C:\Program Files\Intel\Intel(R) Management Engine Components\IPT;C:\Program Files (x86)\Intel\Intel(R) Management Engine Components\DAL;C:\Program Files (x86)\Intel\Intel(R) Management Engine Components\IPT;C:\Program Files (x86)\Intel\OpenCL SDK\2.0\bin\x86;C:\Program Files (x86)\Intel\OpenCL SDK\2.0\bin\x64;C:\Program Files\Java\jdk1.7.0_40\bin;C:\apache-ant-1.9.4\bin;C:\Program Files\TortoiseSVN\bin;C:\Program Files (x86)\cvsnt;E:\praneeth\Pra\softwares\softwares\apache-maven-3.2.5\bin;C:\Python27;C:\Program Files (x86)\Common Files\lenovo\easyplussdk\bin;;." />
    <property name="java.class.version" value="51.0" />
    <property name="java.specification.name" value="Java Platform API Specification" />
    <property name="sun.management.compiler" value="HotSpot 64-Bit Tiered Compilers" />
    <property name="os.version" value="6.1" />
    <property name="ant.file" value="E:\praneeth\Pra\praneeth\TPOProject\TPO_Struts_Hb\src\build.xml" />
    <property name="user.home" value="C:\Users\PRANEETH" />
    <property name="user.timezone" value="" />
    <property name="java.awt.printerjob" value="sun.awt.windows.WPrinterJob" />
    <property name="file.encoding" value="Cp1252" />
    <property name="java.specification.version" value="1.7" />
    <property name="user.name" value="PRANEETH" />
    <property name="java.class.path" value="C:\apache-ant-1.9.4\lib\ant-launcher.jar;C:\apache-ant-1.9.4\lib\ant-antlr.jar;C:\apache-ant-1.9.4\lib\ant-apache-bcel.jar;C:\apache-ant-1.9.4\lib\ant-apache-bsf.jar;C:\apache-ant-1.9.4\lib\ant-apache-log4j.jar;C:\apache-ant-1.9.4\lib\ant-apache-oro.jar;C:\apache-ant-1.9.4\lib\ant-apache-regexp.jar;C:\apache-ant-1.9.4\lib\ant-apache-resolver.jar;C:\apache-ant-1.9.4\lib\ant-apache-xalan2.jar;C:\apache-ant-1.9.4\lib\ant-commons-logging.jar;C:\apache-ant-1.9.4\lib\ant-commons-net.jar;C:\apache-ant-1.9.4\lib\ant-jai.jar;C:\apache-ant-1.9.4\lib\ant-javamail.jar;C:\apache-ant-1.9.4\lib\ant-jdepend.jar;C:\apache-ant-1.9.4\lib\ant-jmf.jar;C:\apache-ant-1.9.4\lib\ant-jsch.jar;C:\apache-ant-1.9.4\lib\ant-junit.jar;C:\apache-ant-1.9.4\lib\ant-junit4.jar;C:\apache-ant-1.9.4\lib\ant-launcher.jar;C:\apache-ant-1.9.4\lib\ant-netrexx.jar;C:\apache-ant-1.9.4\lib\ant-swing.jar;C:\apache-ant-1.9.4\lib\ant-testutil.jar;C:\apache-ant-1.9.4\lib\ant.jar;C:\apache-ant-1.9.4\lib\hamcrest-core-1.3.jar;C:\apache-ant-1.9.4\lib\junit-4.12.jar;C:\Program Files\Java\jdk1.7.0_40\lib\tools.jar" />
    <property name="ant.file.JUNIT" value="E:\praneeth\Pra\praneeth\TPOProject\TPO_Struts_Hb\src\build.xml" />
    <property name="java.vm.specification.version" value="1.7" />
    <property name="sun.java.command" value="org.apache.tools.ant.launch.Launcher" />
    <property name="java.home" value="C:\Program Files\Java\jdk1.7.0_40\jre" />
    <property name="sun.arch.data.model" value="64" />
    <property name="java.specification.vendor" value="Oracle Corporation" />
    <property name="user.language" value="en" />
    <property name="awt.toolkit" value="sun.awt.windows.WToolkit" />
    <property name="java.vm.info" value="mixed mode" />
    <property name="java.version" value="1.7.0_40" />
    <property name="java.ext.dirs" value="C:\Program Files\Java\jdk1.7.0_40\jre\lib\ext;C:\Windows\Sun\Java\lib\ext" />
    <property name="sun.boot.class.path" value="C:\Program Files\Java\jdk1.7.0_40\jre\lib\resources.jar;C:\Program Files\Java\jdk1.7.0_40\jre\lib\rt.jar;C:\Program Files\Java\jdk1.7.0_40\jre\lib\sunrsasign.jar;C:\Program Files\Java\jdk1.7.0_40\jre\lib\jsse.jar;C:\Program Files\Java\jdk1.7.0_40\jre\lib\jce.jar;C:\Program Files\Java\jdk1.7.0_40\jre\lib\charsets.jar;C:\Program Files\Java\jdk1.7.0_40\jre\lib\jfr.jar;C:\Program Files\Java\jdk1.7.0_40\jre\classes" />
    <property name="java.vendor" value="Oracle Corporation" />
    <property name="file.separator" value="\" />
    <property name="java.vendor.url.bug" value="http://bugreport.sun.com/bugreport/" />
    <property name="sun.cpu.endian" value="little" />
    <property name="sun.io.unicode.encoding" value="UnicodeLittle" />
    <property name="ant.file.type" value="file" />
    <property name="sun.desktop" value="windows" />
    <property name="sun.cpu.isalist" value="amd64" />
  </properties>
  <testcase classname="CompaniesTest" name="testSelectCompany" time="11.136">
    <failure type="junit.framework.AssertionFailedError">junit.framework.AssertionFailedError
	at CompaniesTest.testSelectCompany(Unknown Source)
</failure>
  </testcase>
  <system-out><![CDATA[Before all test case execution
CompanyDAO.getCompanyDetails(companyid) : 0
Hibernate: select company_de0_.COMPANYID as COMPANYID1_0_, company_de0_.COMPANYNAME as COMPANYNAME2_0_, company_de0_.PROFILE as PROFILE3_0_, company_de0_.STREET as STREET4_0_, company_de0_.CITY as CITY5_0_, company_de0_.STATE as STATE6_0_, company_de0_.COUNTRY as COUNTRY7_0_, company_de0_.PHONE as PHONE8_0_, company_de0_.EMAIL as EMAIL9_0_ from COMPANY_DETAILS company_de0_ where COMPANYID=0
Company Id   : 0
Company Name : Trinity
profile      : good
street       : begumpet
city         : hyd
state        : telangana
country      : india
phone        : 1223456
email        : jaffa@gmail.com
After all test case execution
]]></system-out>
  <system-err><![CDATA[Aug 21, 2015 8:39:04 PM org.hibernate.annotations.common.reflection.java.JavaReflectionManager <clinit>
INFO: HCANN000001: Hibernate Commons Annotations {4.0.5.Final}
Aug 21, 2015 8:39:04 PM org.hibernate.Version logVersion
INFO: HHH000412: Hibernate Core {4.3.7.Final}
Aug 21, 2015 8:39:04 PM org.hibernate.cfg.Environment <clinit>
INFO: HHH000206: hibernate.properties not found
Aug 21, 2015 8:39:04 PM org.hibernate.cfg.Environment buildBytecodeProvider
INFO: HHH000021: Bytecode provider name : javassist
Aug 21, 2015 8:39:04 PM org.hibernate.cfg.Configuration configure
INFO: HHH000043: Configuring from resource: /hibernate.cfg.xml
Aug 21, 2015 8:39:04 PM org.hibernate.cfg.Configuration getConfigurationInputStream
INFO: HHH000040: Configuration resource: /hibernate.cfg.xml
Aug 21, 2015 8:39:06 PM org.hibernate.cfg.Configuration addResource
INFO: HHH000221: Reading mappings from resource: training.hbm.xml
Aug 21, 2015 8:39:08 PM org.hibernate.cfg.Configuration addResource
INFO: HHH000221: Reading mappings from resource: company.hbm.xml
Aug 21, 2015 8:39:09 PM org.hibernate.cfg.Configuration addResource
INFO: HHH000221: Reading mappings from resource: notification.hbm.xml
Aug 21, 2015 8:39:09 PM org.hibernate.cfg.Configuration doConfigure
INFO: HHH000041: Configured SessionFactory: null
Aug 21, 2015 8:39:10 PM org.hibernate.engine.jdbc.connections.internal.DriverManagerConnectionProviderImpl configure
WARN: HHH000402: Using Hibernate built-in connection pool (not for production use!)
Aug 21, 2015 8:39:10 PM org.hibernate.engine.jdbc.connections.internal.DriverManagerConnectionProviderImpl buildCreator
INFO: HHH000401: using driver [oracle.jdbc.driver.OracleDriver] at URL [jdbc:oracle:thin:@localhost:1521:xe]
Aug 21, 2015 8:39:10 PM org.hibernate.engine.jdbc.connections.internal.DriverManagerConnectionProviderImpl buildCreator
INFO: HHH000046: Connection properties: {user=tpo, password=****}
Aug 21, 2015 8:39:10 PM org.hibernate.engine.jdbc.connections.internal.DriverManagerConnectionProviderImpl buildCreator
INFO: HHH000006: Autocommit mode: false
Aug 21, 2015 8:39:10 PM org.hibernate.engine.jdbc.connections.internal.DriverManagerConnectionProviderImpl configure
INFO: HHH000115: Hibernate connection pool size: 1 (min=1)
Aug 21, 2015 8:39:11 PM org.hibernate.engine.jdbc.spi.TypeInfo extractTypeInfo
WARN: HHH000273: Error accessing type info result set : java.sql.SQLException: Numeric Overflow
Aug 21, 2015 8:39:12 PM org.hibernate.dialect.Dialect <init>
INFO: HHH000400: Using dialect: org.hibernate.dialect.Oracle10gDialect
Aug 21, 2015 8:39:12 PM org.hibernate.engine.jdbc.internal.LobCreatorBuilder useContextualLobCreation
INFO: HHH000424: Disabling contextual LOB creation as createClob() method threw error : java.lang.reflect.InvocationTargetException
Aug 21, 2015 8:39:12 PM org.hibernate.engine.transaction.internal.TransactionFactoryInitiator initiateService
INFO: HHH000399: Using default transaction strategy (direct JDBC transactions)
Aug 21, 2015 8:39:12 PM org.hibernate.hql.internal.ast.ASTQueryTranslatorFactory <init>
INFO: HHH000397: Using ASTQueryTranslatorFactory
Aug 21, 2015 8:39:14 PM org.hibernate.engine.jdbc.connections.internal.DriverManagerConnectionProviderImpl stop
INFO: HHH000030: Cleaning up connection pool [jdbc:oracle:thin:@localhost:1521:xe]
]]></system-err>
</testsuite>
